# JRE version: Java(TM) SE Runtime Environment (20.0.2+9) (build 20.0.2+9-78)
# Java VM: Java HotSpot(TM) 64-Bit Server VM (20.0.2+9-78, mixed mode, sharing, tiered, compressed oops, compressed class ptrs, g1 gc, windows-amd64)
GC Precious Log:
 CardTable entry size: 512
 Card Set container configuration: InlinePtr #cards 4 size 8 Array Of Cards #cards 16 size 48 Howl #buckets 8 coarsen threshold 3686 Howl Bitmap #cards 512 size 80 coarsen threshold 460 Card regions per heap region 1 cards per card region 4096
 CPUs: 8 total, 8 available
 Memory: 12172M
 Large Page Support: Disabled
 NUMA Support: Disabled
 Compressed Oops: Enabled (Zero based)
 Heap Region Size: 2M
 Heap Min Capacity: 8M
 Heap Initial Capacity: 192M
 Heap Max Capacity: 3044M
 Pre-touch: Disabled
 Parallel Workers: 8
 Concurrent Workers: 2
 Concurrent Refinement Workers: 8
 Periodic GC: Disabled
Heap:
 garbage-first heap   total 98304K, used 42613K [0x0000000741c00000, 0x0000000800000000)
  region size 2048K, 10 young (20480K), 1 survivors (2048K)
 Metaspace       used 72672K, committed 73408K, reserved 1114112K
  class space    used 9148K, committed 9600K, reserved 1048576K
GC Heap History (20 events):
Event: 5976.059 GC heap before
{Heap before GC invocations=70 (full 0):
 garbage-first heap   total 81920K, used 72047K [0x0000000741c00000, 0x0000000800000000)
  region size 2048K, 23 young (47104K), 1 survivors (2048K)
 Metaspace       used 72560K, committed 73280K, reserved 1114112K
  class space    used 9144K, committed 9600K, reserved 1048576K
}
Event: 5976.060 GC heap after
{Heap after GC invocations=71 (full 0):
 garbage-first heap   total 98304K, used 28296K [0x0000000741c00000, 0x0000000800000000)
  region size 2048K, 1 young (2048K), 1 survivors (2048K)
 Metaspace       used 72560K, committed 73280K, reserved 1114112K
  class space    used 9144K, committed 9600K, reserved 1048576K
}
Event: 5976.382 GC heap before
{Heap before GC invocations=72 (full 0):
 garbage-first heap   total 98304K, used 81544K [0x0000000741c00000, 0x0000000800000000)
  region size 2048K, 28 young (57344K), 1 survivors (2048K)
 Metaspace       used 72560K, committed 73280K, reserved 1114112K
  class space    used 9144K, committed 9600K, reserved 1048576K
}
Event: 5976.384 GC heap after
{Heap after GC invocations=73 (full 0):
 garbage-first heap   total 98304K, used 28335K [0x0000000741c00000, 0x0000000800000000)
  region size 2048K, 1 young (2048K), 1 survivors (2048K)
 Metaspace       used 72560K, committed 73280K, reserved 1114112K
  class space    used 9144K, committed 9600K, reserved 1048576K
}
Event: 5976.755 GC heap before
{Heap before GC invocations=73 (full 0):
 garbage-first heap   total 98304K, used 81583K [0x0000000741c00000, 0x0000000800000000)
  region size 2048K, 28 young (57344K), 1 survivors (2048K)
 Metaspace       used 72572K, committed 73280K, reserved 1114112K
  class space    used 9144K, committed 9600K, reserved 1048576K
}
Event: 5976.758 GC heap after
{Heap after GC invocations=74 (full 0):
 garbage-first heap   total 98304K, used 28526K [0x0000000741c00000, 0x0000000800000000)
  region size 2048K, 1 young (2048K), 1 survivors (2048K)
 Metaspace       used 72572K, committed 73280K, reserved 1114112K
  class space    used 9144K, committed 9600K, reserved 1048576K
}
Event: 5977.062 GC heap before
{Heap before GC invocations=74 (full 0):
 garbage-first heap   total 98304K, used 81774K [0x0000000741c00000, 0x0000000800000000)
  region size 2048K, 28 young (57344K), 1 survivors (2048K)
 Metaspace       used 72603K, committed 73344K, reserved 1114112K
  class space    used 9144K, committed 9600K, reserved 1048576K
}
Event: 5977.064 GC heap after
{Heap after GC invocations=75 (full 0):
 garbage-first heap   total 98304K, used 28547K [0x0000000741c00000, 0x0000000800000000)
  region size 2048K, 1 young (2048K), 1 survivors (2048K)
 Metaspace       used 72603K, committed 73344K, reserved 1114112K
  class space    used 9144K, committed 9600K, reserved 1048576K
}
Event: 5977.373 GC heap before
{Heap before GC invocations=76 (full 0):
 garbage-first heap   total 98304K, used 81795K [0x0000000741c00000, 0x0000000800000000)
  region size 2048K, 28 young (57344K), 1 survivors (2048K)
 Metaspace       used 72603K, committed 73344K, reserved 1114112K
  class space    used 9144K, committed 9600K, reserved 1048576K
}
Event: 5977.374 GC heap after
{Heap after GC invocations=77 (full 0):
 garbage-first heap   total 98304K, used 28371K [0x0000000741c00000, 0x0000000800000000)
  region size 2048K, 1 young (2048K), 1 survivors (2048K)
 Metaspace       used 72603K, committed 73344K, reserved 1114112K
  class space    used 9144K, committed 9600K, reserved 1048576K
}
Event: 5977.630 GC heap before
{Heap before GC invocations=77 (full 0):
 garbage-first heap   total 98304K, used 81619K [0x0000000741c00000, 0x0000000800000000)
  region size 2048K, 28 young (57344K), 1 survivors (2048K)
 Metaspace       used 72633K, committed 73344K, reserved 1114112K
  class space    used 9144K, committed 9600K, reserved 1048576K
}
Event: 5977.634 GC heap after
{Heap after GC invocations=78 (full 0):
 garbage-first heap   total 98304K, used 28340K [0x0000000741c00000, 0x0000000800000000)
  region size 2048K, 1 young (2048K), 1 survivors (2048K)
 Metaspace       used 72633K, committed 73344K, reserved 1114112K
  class space    used 9144K, committed 9600K, reserved 1048576K
}
Event: 5977.914 GC heap before
{Heap before GC invocations=78 (full 0):
 garbage-first heap   total 98304K, used 81588K [0x0000000741c00000, 0x0000000800000000)
  region size 2048K, 28 young (57344K), 1 survivors (2048K)
 Metaspace       used 72633K, committed 73344K, reserved 1114112K
  class space    used 9144K, committed 9600K, reserved 1048576K
}
Event: 5977.915 GC heap after
{Heap after GC invocations=79 (full 0):
 garbage-first heap   total 98304K, used 28142K [0x0000000741c00000, 0x0000000800000000)
  region size 2048K, 1 young (2048K), 1 survivors (2048K)
 Metaspace       used 72633K, committed 73344K, reserved 1114112K
  class space    used 9144K, committed 9600K, reserved 1048576K
}
Event: 5978.202 GC heap before
{Heap before GC invocations=80 (full 0):
 garbage-first heap   total 98304K, used 81390K [0x0000000741c00000, 0x0000000800000000)
  region size 2048K, 28 young (57344K), 1 survivors (2048K)
 Metaspace       used 72634K, committed 73408K, reserved 1114112K
  class space    used 9144K, committed 9600K, reserved 1048576K
}
Event: 5978.203 GC heap after
{Heap after GC invocations=81 (full 0):
 garbage-first heap   total 98304K, used 28175K [0x0000000741c00000, 0x0000000800000000)
  region size 2048K, 1 young (2048K), 1 survivors (2048K)
 Metaspace       used 72634K, committed 73408K, reserved 1114112K
  class space    used 9144K, committed 9600K, reserved 1048576K
}
Event: 5978.477 GC heap before
{Heap before GC invocations=81 (full 0):
 garbage-first heap   total 98304K, used 81423K [0x0000000741c00000, 0x0000000800000000)
  region size 2048K, 28 young (57344K), 1 survivors (2048K)
 Metaspace       used 72664K, committed 73408K, reserved 1114112K
  class space    used 9148K, committed 9600K, reserved 1048576K
}
Event: 5978.481 GC heap after
{Heap after GC invocations=82 (full 0):
 garbage-first heap   total 98304K, used 28172K [0x0000000741c00000, 0x0000000800000000)
  region size 2048K, 1 young (2048K), 1 survivors (2048K)
 Metaspace       used 72664K, committed 73408K, reserved 1114112K
  class space    used 9148K, committed 9600K, reserved 1048576K
}
Event: 5978.751 GC heap before
{Heap before GC invocations=82 (full 0):
 garbage-first heap   total 98304K, used 81420K [0x0000000741c00000, 0x0000000800000000)
  region size 2048K, 28 young (57344K), 1 survivors (2048K)
 Metaspace       used 72668K, committed 73408K, reserved 1114112K
  class space    used 9148K, committed 9600K, reserved 1048576K
}
Event: 5978.753 GC heap after
{Heap after GC invocations=83 (full 0):
 garbage-first heap   total 98304K, used 28277K [0x0000000741c00000, 0x0000000800000000)
  region size 2048K, 1 young (2048K), 1 survivors (2048K)
 Metaspace       used 72668K, committed 73408K, reserved 1114112K
  class space    used 9148K, committed 9600K, reserved 1048576K
}

