# JRE version: Java(TM) SE Runtime Environment (20.0.2+9) (build 20.0.2+9-78)
# Java VM: Java HotSpot(TM) 64-Bit Server VM (20.0.2+9-78, mixed mode, sharing, tiered, compressed oops, compressed class ptrs, g1 gc, windows-amd64)
GC Precious Log:
 CardTable entry size: 512
 Card Set container configuration: InlinePtr #cards 4 size 8 Array Of Cards #cards 16 size 48 Howl #buckets 8 coarsen threshold 3686 Howl Bitmap #cards 512 size 80 coarsen threshold 460 Card regions per heap region 1 cards per card region 4096
 CPUs: 8 total, 8 available
 Memory: 12172M
 Large Page Support: Disabled
 NUMA Support: Disabled
 Compressed Oops: Enabled (Zero based)
 Heap Region Size: 2M
 Heap Min Capacity: 8M
 Heap Initial Capacity: 192M
 Heap Max Capacity: 3044M
 Pre-touch: Disabled
 Parallel Workers: 8
 Concurrent Workers: 2
 Concurrent Refinement Workers: 8
 Periodic GC: Disabled
Heap:
 garbage-first heap   total 104448K, used 63200K [0x0000000741c00000, 0x0000000800000000)
  region size 2048K, 19 young (38912K), 1 survivors (2048K)
 Metaspace       used 71677K, committed 72448K, reserved 1114112K
  class space    used 9114K, committed 9472K, reserved 1048576K
GC Heap History (20 events):
Event: 44.477 GC heap before
{Heap before GC invocations=77 (full 0):
 garbage-first heap   total 104448K, used 87720K [0x0000000741c00000, 0x0000000800000000)
  region size 2048K, 30 young (61440K), 1 survivors (2048K)
 Metaspace       used 71665K, committed 72448K, reserved 1114112K
  class space    used 9110K, committed 9472K, reserved 1048576K
}
Event: 44.478 GC heap after
{Heap after GC invocations=78 (full 0):
 garbage-first heap   total 104448K, used 30674K [0x0000000741c00000, 0x0000000800000000)
  region size 2048K, 1 young (2048K), 1 survivors (2048K)
 Metaspace       used 71665K, committed 72448K, reserved 1114112K
  class space    used 9110K, committed 9472K, reserved 1048576K
}
Event: 44.700 GC heap before
{Heap before GC invocations=78 (full 0):
 garbage-first heap   total 104448K, used 88018K [0x0000000741c00000, 0x0000000800000000)
  region size 2048K, 30 young (61440K), 1 survivors (2048K)
 Metaspace       used 71665K, committed 72448K, reserved 1114112K
  class space    used 9110K, committed 9472K, reserved 1048576K
}
Event: 44.701 GC heap after
{Heap after GC invocations=79 (full 0):
 garbage-first heap   total 104448K, used 30387K [0x0000000741c00000, 0x0000000800000000)
  region size 2048K, 1 young (2048K), 1 survivors (2048K)
 Metaspace       used 71665K, committed 72448K, reserved 1114112K
  class space    used 9110K, committed 9472K, reserved 1048576K
}
Event: 44.917 GC heap before
{Heap before GC invocations=79 (full 0):
 garbage-first heap   total 104448K, used 87731K [0x0000000741c00000, 0x0000000800000000)
  region size 2048K, 30 young (61440K), 1 survivors (2048K)
 Metaspace       used 71665K, committed 72448K, reserved 1114112K
  class space    used 9110K, committed 9472K, reserved 1048576K
}
Event: 44.918 GC heap after
{Heap after GC invocations=80 (full 0):
 garbage-first heap   total 104448K, used 30672K [0x0000000741c00000, 0x0000000800000000)
  region size 2048K, 1 young (2048K), 1 survivors (2048K)
 Metaspace       used 71665K, committed 72448K, reserved 1114112K
  class space    used 9110K, committed 9472K, reserved 1048576K
}
Event: 45.162 GC heap before
{Heap before GC invocations=80 (full 0):
 garbage-first heap   total 104448K, used 88016K [0x0000000741c00000, 0x0000000800000000)
  region size 2048K, 30 young (61440K), 1 survivors (2048K)
 Metaspace       used 71665K, committed 72448K, reserved 1114112K
  class space    used 9110K, committed 9472K, reserved 1048576K
}
Event: 45.163 GC heap after
{Heap after GC invocations=81 (full 0):
 garbage-first heap   total 104448K, used 30235K [0x0000000741c00000, 0x0000000800000000)
  region size 2048K, 1 young (2048K), 1 survivors (2048K)
 Metaspace       used 71665K, committed 72448K, reserved 1114112K
  class space    used 9110K, committed 9472K, reserved 1048576K
}
Event: 45.439 GC heap before
{Heap before GC invocations=81 (full 0):
 garbage-first heap   total 104448K, used 87579K [0x0000000741c00000, 0x0000000800000000)
  region size 2048K, 30 young (61440K), 1 survivors (2048K)
 Metaspace       used 71665K, committed 72448K, reserved 1114112K
  class space    used 9110K, committed 9472K, reserved 1048576K
}
Event: 45.440 GC heap after
{Heap after GC invocations=82 (full 0):
 garbage-first heap   total 104448K, used 30663K [0x0000000741c00000, 0x0000000800000000)
  region size 2048K, 1 young (2048K), 1 survivors (2048K)
 Metaspace       used 71665K, committed 72448K, reserved 1114112K
  class space    used 9110K, committed 9472K, reserved 1048576K
}
Event: 45.696 GC heap before
{Heap before GC invocations=82 (full 0):
 garbage-first heap   total 104448K, used 88007K [0x0000000741c00000, 0x0000000800000000)
  region size 2048K, 30 young (61440K), 1 survivors (2048K)
 Metaspace       used 71665K, committed 72448K, reserved 1114112K
  class space    used 9110K, committed 9472K, reserved 1048576K
}
Event: 45.697 GC heap after
{Heap after GC invocations=83 (full 0):
 garbage-first heap   total 104448K, used 30254K [0x0000000741c00000, 0x0000000800000000)
  region size 2048K, 1 young (2048K), 1 survivors (2048K)
 Metaspace       used 71665K, committed 72448K, reserved 1114112K
  class space    used 9110K, committed 9472K, reserved 1048576K
}
Event: 45.957 GC heap before
{Heap before GC invocations=83 (full 0):
 garbage-first heap   total 104448K, used 87598K [0x0000000741c00000, 0x0000000800000000)
  region size 2048K, 30 young (61440K), 1 survivors (2048K)
 Metaspace       used 71665K, committed 72448K, reserved 1114112K
  class space    used 9110K, committed 9472K, reserved 1048576K
}
Event: 45.958 GC heap after
{Heap after GC invocations=84 (full 0):
 garbage-first heap   total 104448K, used 30698K [0x0000000741c00000, 0x0000000800000000)
  region size 2048K, 1 young (2048K), 1 survivors (2048K)
 Metaspace       used 71665K, committed 72448K, reserved 1114112K
  class space    used 9110K, committed 9472K, reserved 1048576K
}
Event: 46.314 GC heap before
{Heap before GC invocations=84 (full 0):
 garbage-first heap   total 104448K, used 88042K [0x0000000741c00000, 0x0000000800000000)
  region size 2048K, 30 young (61440K), 1 survivors (2048K)
 Metaspace       used 71665K, committed 72448K, reserved 1114112K
  class space    used 9110K, committed 9472K, reserved 1048576K
}
Event: 46.315 GC heap after
{Heap after GC invocations=85 (full 0):
 garbage-first heap   total 104448K, used 30407K [0x0000000741c00000, 0x0000000800000000)
  region size 2048K, 1 young (2048K), 1 survivors (2048K)
 Metaspace       used 71665K, committed 72448K, reserved 1114112K
  class space    used 9110K, committed 9472K, reserved 1048576K
}
Event: 46.547 GC heap before
{Heap before GC invocations=85 (full 0):
 garbage-first heap   total 104448K, used 87751K [0x0000000741c00000, 0x0000000800000000)
  region size 2048K, 30 young (61440K), 1 survivors (2048K)
 Metaspace       used 71665K, committed 72448K, reserved 1114112K
  class space    used 9110K, committed 9472K, reserved 1048576K
}
Event: 46.548 GC heap after
{Heap after GC invocations=86 (full 0):
 garbage-first heap   total 104448K, used 30671K [0x0000000741c00000, 0x0000000800000000)
  region size 2048K, 1 young (2048K), 1 survivors (2048K)
 Metaspace       used 71665K, committed 72448K, reserved 1114112K
  class space    used 9110K, committed 9472K, reserved 1048576K
}
Event: 46.770 GC heap before
{Heap before GC invocations=86 (full 0):
 garbage-first heap   total 104448K, used 88015K [0x0000000741c00000, 0x0000000800000000)
  region size 2048K, 30 young (61440K), 1 survivors (2048K)
 Metaspace       used 71676K, committed 72448K, reserved 1114112K
  class space    used 9114K, committed 9472K, reserved 1048576K
}
Event: 46.771 GC heap after
{Heap after GC invocations=87 (full 0):
 garbage-first heap   total 104448K, used 30432K [0x0000000741c00000, 0x0000000800000000)
  region size 2048K, 1 young (2048K), 1 survivors (2048K)
 Metaspace       used 71676K, committed 72448K, reserved 1114112K
  class space    used 9114K, committed 9472K, reserved 1048576K
}

