# JRE version: Java(TM) SE Runtime Environment (20.0.2+9) (build 20.0.2+9-78)
# Java VM: Java HotSpot(TM) 64-Bit Server VM (20.0.2+9-78, mixed mode, sharing, tiered, compressed oops, compressed class ptrs, g1 gc, windows-amd64)
GC Precious Log:
 CardTable entry size: 512
 Card Set container configuration: InlinePtr #cards 4 size 8 Array Of Cards #cards 16 size 48 Howl #buckets 8 coarsen threshold 3686 Howl Bitmap #cards 512 size 80 coarsen threshold 460 Card regions per heap region 1 cards per card region 4096
 CPUs: 8 total, 8 available
 Memory: 12172M
 Large Page Support: Disabled
 NUMA Support: Disabled
 Compressed Oops: Enabled (Zero based)
 Heap Region Size: 2M
 Heap Min Capacity: 8M
 Heap Initial Capacity: 192M
 Heap Max Capacity: 3044M
 Pre-touch: Disabled
 Parallel Workers: 8
 Concurrent Workers: 2
 Concurrent Refinement Workers: 8
 Periodic GC: Disabled
Heap:
 garbage-first heap   total 169984K, used 168592K [0x0000000741c00000, 0x0000000800000000)
  region size 2048K, 49 young (100352K), 1 survivors (2048K)
 Metaspace       used 75319K, committed 76224K, reserved 1179648K
  class space    used 9339K, committed 9856K, reserved 1048576K
GC Heap History (20 events):
Event: 12419.787 GC heap before
{Heap before GC invocations=95 (full 0):
 garbage-first heap   total 161792K, used 158564K [0x0000000741c00000, 0x0000000800000000)
  region size 2048K, 37 young (75776K), 1 survivors (2048K)
 Metaspace       used 75209K, committed 76032K, reserved 1179648K
  class space    used 9335K, committed 9856K, reserved 1048576K
}
Event: 12419.789 GC heap after
{Heap after GC invocations=96 (full 0):
 garbage-first heap   total 163840K, used 28580K [0x0000000741c00000, 0x0000000800000000)
  region size 2048K, 1 young (2048K), 1 survivors (2048K)
 Metaspace       used 75209K, committed 76032K, reserved 1179648K
  class space    used 9335K, committed 9856K, reserved 1048576K
}
Event: 12420.020 GC heap before
{Heap before GC invocations=96 (full 0):
 garbage-first heap   total 163840K, used 159652K [0x0000000741c00000, 0x0000000800000000)
  region size 2048K, 47 young (96256K), 1 survivors (2048K)
 Metaspace       used 75231K, committed 76032K, reserved 1179648K
  class space    used 9337K, committed 9856K, reserved 1048576K
}
Event: 12420.023 GC heap after
{Heap after GC invocations=97 (full 0):
 garbage-first heap   total 167936K, used 28924K [0x0000000741c00000, 0x0000000800000000)
  region size 2048K, 1 young (2048K), 1 survivors (2048K)
 Metaspace       used 75231K, committed 76032K, reserved 1179648K
  class space    used 9337K, committed 9856K, reserved 1048576K
}
Event: 12420.026 GC heap before
{Heap before GC invocations=97 (full 0):
 garbage-first heap   total 167936K, used 28924K [0x0000000741c00000, 0x0000000800000000)
  region size 2048K, 2 young (4096K), 1 survivors (2048K)
 Metaspace       used 75231K, committed 76032K, reserved 1179648K
  class space    used 9337K, committed 9856K, reserved 1048576K
}
Event: 12420.027 GC heap after
{Heap after GC invocations=98 (full 0):
 garbage-first heap   total 167936K, used 29386K [0x0000000741c00000, 0x0000000800000000)
  region size 2048K, 1 young (2048K), 1 survivors (2048K)
 Metaspace       used 75231K, committed 76032K, reserved 1179648K
  class space    used 9337K, committed 9856K, reserved 1048576K
}
Event: 12420.255 GC heap before
{Heap before GC invocations=99 (full 0):
 garbage-first heap   total 163840K, used 156362K [0x0000000741c00000, 0x0000000800000000)
  region size 2048K, 45 young (92160K), 1 survivors (2048K)
 Metaspace       used 75251K, committed 76160K, reserved 1179648K
  class space    used 9338K, committed 9856K, reserved 1048576K
}
Event: 12420.256 GC heap after
{Heap after GC invocations=100 (full 0):
 garbage-first heap   total 163840K, used 30852K [0x0000000741c00000, 0x0000000800000000)
  region size 2048K, 1 young (2048K), 1 survivors (2048K)
 Metaspace       used 75251K, committed 76160K, reserved 1179648K
  class space    used 9338K, committed 9856K, reserved 1048576K
}
Event: 12420.485 GC heap before
{Heap before GC invocations=100 (full 0):
 garbage-first heap   total 163840K, used 157828K [0x0000000741c00000, 0x0000000800000000)
  region size 2048K, 46 young (94208K), 1 survivors (2048K)
 Metaspace       used 75285K, committed 76160K, reserved 1179648K
  class space    used 9339K, committed 9856K, reserved 1048576K
}
Event: 12420.488 GC heap after
{Heap after GC invocations=101 (full 0):
 garbage-first heap   total 165888K, used 29366K [0x0000000741c00000, 0x0000000800000000)
  region size 2048K, 1 young (2048K), 1 survivors (2048K)
 Metaspace       used 75285K, committed 76160K, reserved 1179648K
  class space    used 9339K, committed 9856K, reserved 1048576K
}
Event: 12420.501 GC heap before
{Heap before GC invocations=101 (full 0):
 garbage-first heap   total 165888K, used 29366K [0x0000000741c00000, 0x0000000800000000)
  region size 2048K, 3 young (6144K), 1 survivors (2048K)
 Metaspace       used 75285K, committed 76160K, reserved 1179648K
  class space    used 9339K, committed 9856K, reserved 1048576K
}
Event: 12420.502 GC heap after
{Heap after GC invocations=102 (full 0):
 garbage-first heap   total 165888K, used 29380K [0x0000000741c00000, 0x0000000800000000)
  region size 2048K, 1 young (2048K), 1 survivors (2048K)
 Metaspace       used 75285K, committed 76160K, reserved 1179648K
  class space    used 9339K, committed 9856K, reserved 1048576K
}
Event: 12420.739 GC heap before
{Heap before GC invocations=103 (full 0):
 garbage-first heap   total 159744K, used 156356K [0x0000000741c00000, 0x0000000800000000)
  region size 2048K, 45 young (92160K), 1 survivors (2048K)
 Metaspace       used 75290K, committed 76160K, reserved 1179648K
  class space    used 9339K, committed 9856K, reserved 1048576K
}
Event: 12420.741 GC heap after
{Heap after GC invocations=104 (full 0):
 garbage-first heap   total 161792K, used 29367K [0x0000000741c00000, 0x0000000800000000)
  region size 2048K, 1 young (2048K), 1 survivors (2048K)
 Metaspace       used 75290K, committed 76160K, reserved 1179648K
  class space    used 9339K, committed 9856K, reserved 1048576K
}
Event: 12420.970 GC heap before
{Heap before GC invocations=104 (full 0):
 garbage-first heap   total 163840K, used 160439K [0x0000000741c00000, 0x0000000800000000)
  region size 2048K, 47 young (96256K), 1 survivors (2048K)
 Metaspace       used 75294K, committed 76160K, reserved 1179648K
  class space    used 9339K, committed 9856K, reserved 1048576K
}
Event: 12420.972 GC heap after
{Heap after GC invocations=105 (full 0):
 garbage-first heap   total 167936K, used 29297K [0x0000000741c00000, 0x0000000800000000)
  region size 2048K, 1 young (2048K), 1 survivors (2048K)
 Metaspace       used 75294K, committed 76160K, reserved 1179648K
  class space    used 9339K, committed 9856K, reserved 1048576K
}
Event: 12420.982 GC heap before
{Heap before GC invocations=105 (full 0):
 garbage-first heap   total 167936K, used 31345K [0x0000000741c00000, 0x0000000800000000)
  region size 2048K, 4 young (8192K), 1 survivors (2048K)
 Metaspace       used 75294K, committed 76160K, reserved 1179648K
  class space    used 9339K, committed 9856K, reserved 1048576K
}
Event: 12420.984 GC heap after
{Heap after GC invocations=106 (full 0):
 garbage-first heap   total 167936K, used 29285K [0x0000000741c00000, 0x0000000800000000)
  region size 2048K, 1 young (2048K), 1 survivors (2048K)
 Metaspace       used 75294K, committed 76160K, reserved 1179648K
  class space    used 9339K, committed 9856K, reserved 1048576K
}
Event: 12421.162 GC heap before
{Heap before GC invocations=107 (full 0):
 garbage-first heap   total 167936K, used 164453K [0x0000000741c00000, 0x0000000800000000)
  region size 2048K, 48 young (98304K), 1 survivors (2048K)
 Metaspace       used 75304K, committed 76160K, reserved 1179648K
  class space    used 9339K, committed 9856K, reserved 1048576K
}
Event: 12421.163 GC heap after
{Heap after GC invocations=108 (full 0):
 garbage-first heap   total 169984K, used 31376K [0x0000000741c00000, 0x0000000800000000)
  region size 2048K, 1 young (2048K), 1 survivors (2048K)
 Metaspace       used 75304K, committed 76160K, reserved 1179648K
  class space    used 9339K, committed 9856K, reserved 1048576K
}

