# JRE version: Java(TM) SE Runtime Environment (20.0.2+9) (build 20.0.2+9-78)
# Java VM: Java HotSpot(TM) 64-Bit Server VM (20.0.2+9-78, mixed mode, sharing, tiered, compressed oops, compressed class ptrs, g1 gc, windows-amd64)
GC Precious Log:
 CardTable entry size: 512
 Card Set container configuration: InlinePtr #cards 4 size 8 Array Of Cards #cards 16 size 48 Howl #buckets 8 coarsen threshold 3686 Howl Bitmap #cards 512 size 80 coarsen threshold 460 Card regions per heap region 1 cards per card region 4096
 CPUs: 8 total, 8 available
 Memory: 12172M
 Large Page Support: Disabled
 NUMA Support: Disabled
 Compressed Oops: Enabled (Zero based)
 Heap Region Size: 2M
 Heap Min Capacity: 8M
 Heap Initial Capacity: 192M
 Heap Max Capacity: 3044M
 Pre-touch: Disabled
 Parallel Workers: 8
 Concurrent Workers: 2
 Concurrent Refinement Workers: 8
 Periodic GC: Disabled
Heap:
 garbage-first heap   total 61440K, used 34231K [0x0000000741c00000, 0x0000000800000000)
  region size 2048K, 4 young (8192K), 1 survivors (2048K)
 Metaspace       used 70929K, committed 71680K, reserved 1114112K
  class space    used 9119K, committed 9472K, reserved 1048576K
GC Heap History (20 events):
Event: 58.719 GC heap before
{Heap before GC invocations=30 (full 0):
 garbage-first heap   total 59392K, used 50596K [0x0000000741c00000, 0x0000000800000000)
  region size 2048K, 12 young (24576K), 1 survivors (2048K)
 Metaspace       used 70875K, committed 71616K, reserved 1114112K
  class space    used 9119K, committed 9472K, reserved 1048576K
}
Event: 58.723 GC heap after
{Heap after GC invocations=31 (full 0):
 garbage-first heap   total 59392K, used 29962K [0x0000000741c00000, 0x0000000800000000)
  region size 2048K, 1 young (2048K), 1 survivors (2048K)
 Metaspace       used 70875K, committed 71616K, reserved 1114112K
  class space    used 9119K, committed 9472K, reserved 1048576K
}
Event: 59.223 GC heap before
{Heap before GC invocations=32 (full 0):
 garbage-first heap   total 59392K, used 52490K [0x0000000741c00000, 0x0000000800000000)
  region size 2048K, 12 young (24576K), 1 survivors (2048K)
 Metaspace       used 70915K, committed 71680K, reserved 1114112K
  class space    used 9119K, committed 9472K, reserved 1048576K
}
Event: 59.227 GC heap after
{Heap after GC invocations=33 (full 0):
 garbage-first heap   total 59392K, used 30041K [0x0000000741c00000, 0x0000000800000000)
  region size 2048K, 1 young (2048K), 1 survivors (2048K)
 Metaspace       used 70915K, committed 71680K, reserved 1114112K
  class space    used 9119K, committed 9472K, reserved 1048576K
}
Event: 59.596 GC heap before
{Heap before GC invocations=33 (full 0):
 garbage-first heap   total 59392K, used 52569K [0x0000000741c00000, 0x0000000800000000)
  region size 2048K, 12 young (24576K), 1 survivors (2048K)
 Metaspace       used 70919K, committed 71680K, reserved 1114112K
  class space    used 9119K, committed 9472K, reserved 1048576K
}
Event: 59.601 GC heap after
{Heap after GC invocations=34 (full 0):
 garbage-first heap   total 59392K, used 30164K [0x0000000741c00000, 0x0000000800000000)
  region size 2048K, 1 young (2048K), 1 survivors (2048K)
 Metaspace       used 70919K, committed 71680K, reserved 1114112K
  class space    used 9119K, committed 9472K, reserved 1048576K
}
Event: 59.969 GC heap before
{Heap before GC invocations=35 (full 0):
 garbage-first heap   total 59392K, used 52692K [0x0000000741c00000, 0x0000000800000000)
  region size 2048K, 12 young (24576K), 1 survivors (2048K)
 Metaspace       used 70920K, committed 71680K, reserved 1114112K
  class space    used 9119K, committed 9472K, reserved 1048576K
}
Event: 59.972 GC heap after
{Heap after GC invocations=36 (full 0):
 garbage-first heap   total 59392K, used 30058K [0x0000000741c00000, 0x0000000800000000)
  region size 2048K, 1 young (2048K), 1 survivors (2048K)
 Metaspace       used 70920K, committed 71680K, reserved 1114112K
  class space    used 9119K, committed 9472K, reserved 1048576K
}
Event: 60.304 GC heap before
{Heap before GC invocations=36 (full 0):
 garbage-first heap   total 59392K, used 52586K [0x0000000741c00000, 0x0000000800000000)
  region size 2048K, 12 young (24576K), 1 survivors (2048K)
 Metaspace       used 70920K, committed 71680K, reserved 1114112K
  class space    used 9119K, committed 9472K, reserved 1048576K
}
Event: 60.307 GC heap after
{Heap after GC invocations=37 (full 0):
 garbage-first heap   total 59392K, used 30024K [0x0000000741c00000, 0x0000000800000000)
  region size 2048K, 1 young (2048K), 1 survivors (2048K)
 Metaspace       used 70920K, committed 71680K, reserved 1114112K
  class space    used 9119K, committed 9472K, reserved 1048576K
}
Event: 60.948 GC heap before
{Heap before GC invocations=38 (full 0):
 garbage-first heap   total 59392K, used 50504K [0x0000000741c00000, 0x0000000800000000)
  region size 2048K, 12 young (24576K), 1 survivors (2048K)
 Metaspace       used 70920K, committed 71680K, reserved 1114112K
  class space    used 9119K, committed 9472K, reserved 1048576K
}
Event: 60.951 GC heap after
{Heap after GC invocations=39 (full 0):
 garbage-first heap   total 59392K, used 30010K [0x0000000741c00000, 0x0000000800000000)
  region size 2048K, 1 young (2048K), 1 survivors (2048K)
 Metaspace       used 70920K, committed 71680K, reserved 1114112K
  class space    used 9119K, committed 9472K, reserved 1048576K
}
Event: 61.655 GC heap before
{Heap before GC invocations=39 (full 0):
 garbage-first heap   total 59392K, used 52538K [0x0000000741c00000, 0x0000000800000000)
  region size 2048K, 12 young (24576K), 1 survivors (2048K)
 Metaspace       used 70929K, committed 71680K, reserved 1114112K
  class space    used 9119K, committed 9472K, reserved 1048576K
}
Event: 61.659 GC heap after
{Heap after GC invocations=40 (full 0):
 garbage-first heap   total 59392K, used 30056K [0x0000000741c00000, 0x0000000800000000)
  region size 2048K, 1 young (2048K), 1 survivors (2048K)
 Metaspace       used 70929K, committed 71680K, reserved 1114112K
  class space    used 9119K, committed 9472K, reserved 1048576K
}
Event: 62.257 GC heap before
{Heap before GC invocations=41 (full 0):
 garbage-first heap   total 59392K, used 52584K [0x0000000741c00000, 0x0000000800000000)
  region size 2048K, 12 young (24576K), 1 survivors (2048K)
 Metaspace       used 70929K, committed 71680K, reserved 1114112K
  class space    used 9119K, committed 9472K, reserved 1048576K
}
Event: 62.261 GC heap after
{Heap after GC invocations=42 (full 0):
 garbage-first heap   total 59392K, used 30128K [0x0000000741c00000, 0x0000000800000000)
  region size 2048K, 1 young (2048K), 1 survivors (2048K)
 Metaspace       used 70929K, committed 71680K, reserved 1114112K
  class space    used 9119K, committed 9472K, reserved 1048576K
}
Event: 62.776 GC heap before
{Heap before GC invocations=42 (full 0):
 garbage-first heap   total 59392K, used 50608K [0x0000000741c00000, 0x0000000800000000)
  region size 2048K, 11 young (22528K), 1 survivors (2048K)
 Metaspace       used 70929K, committed 71680K, reserved 1114112K
  class space    used 9119K, committed 9472K, reserved 1048576K
}
Event: 62.778 GC heap after
{Heap after GC invocations=43 (full 0):
 garbage-first heap   total 59392K, used 30077K [0x0000000741c00000, 0x0000000800000000)
  region size 2048K, 1 young (2048K), 1 survivors (2048K)
 Metaspace       used 70929K, committed 71680K, reserved 1114112K
  class space    used 9119K, committed 9472K, reserved 1048576K
}
Event: 63.052 GC heap before
{Heap before GC invocations=44 (full 0):
 garbage-first heap   total 61440K, used 50557K [0x0000000741c00000, 0x0000000800000000)
  region size 2048K, 11 young (22528K), 1 survivors (2048K)
 Metaspace       used 70929K, committed 71680K, reserved 1114112K
  class space    used 9119K, committed 9472K, reserved 1048576K
}
Event: 63.054 GC heap after
{Heap after GC invocations=45 (full 0):
 garbage-first heap   total 61440K, used 30135K [0x0000000741c00000, 0x0000000800000000)
  region size 2048K, 1 young (2048K), 1 survivors (2048K)
 Metaspace       used 70929K, committed 71680K, reserved 1114112K
  class space    used 9119K, committed 9472K, reserved 1048576K
}

